build/app/outputs/mapping/release/seeds.txt
com.jss.habittracker.MainActivity
com.jss.habittracker.MainActivity: MainActivity()
...
androidx.window.layout.FoldingFeature$State: androidx.window.layout.FoldingFeature$State HALF_OPENED
io.flutter.plugins.sharedpreferences.R$id: int accessibility_custom_action_9
io.flutter.BuildConfig: boolean JIT_RELEASE
androidx.fragment.app.Fragment: int mContentLayoutId
io.flutter.plugins.urllauncher.R$drawable: int notification_bg_normal_pressed
com.dexterous.flutterlocalnotifications.models.styles.DefaultStyleInformation: java.lang.Boolean htmlFormatTitle
io.flutter.plugins.localauth.R$attr: int spinnerDropDownItemStyle
io.flutter.plugins.googlesignin.R$attr: int fontStyle
io.flutter.plugins.firebase.storage.R$drawable: int notification_bg_low
io.flutter.plugins.googlesignin.R$style: int Widget_Compat_NotificationActionText
com.dexterous.flutterlocalnotifications.models.styles.BigTextStyleInformation: java.lang.Boolean htmlFormatBigText
io.flutter.plugins.pathprovider.BuildConfig: java.lang.String BUILD_TYPE
io.flutter.embedding.engine.plugins.shim.ShimRegistrar: java.util.Set userLeaveHintListeners
com.google.android.gms.internal.ads.zzben: com.google.android.gms.internal.ads.zzben zzb
com.google.android.gms.internal.measurement.zzgc: java.lang.String zzs
io.flutter.plugins.firebase.core.R$drawable: int notification_bg_normal_pressed
io.flutter.plugins.imagepicker.R$attr: int fontProviderFetchStrategy
io.flutter.plugins.flutter_plugin_android_lifecycle.R$styleable: int SplitPlaceholderRule_splitMinWidth
io.flutter.plugins.localauth.R$styleable: int AppCompatTheme_colorError
com.google.android.gms.internal.ads.zzftr: java.lang.Object value
io.flutter.plugins.localauth.AuthenticationHelper: io.flutter.plugins.localauth.AuthenticationHelper$AuthCompletionHandler completionHandler
io.flutter.plugins.localauth.R$id: int icon_group
io.flutter.plugins.firebase.auth.R$styleable: int FontFamily_fontProviderFetchTimeout
io.flutter.plugins.packageinfo.R$drawable: int notification_bg_low
com.google.android.gms.internal.ads.zzgfm: java.lang.String zze
com.google.firebase.firestore.proto.WriteBatch: com.google.protobuf.Internal$ProtobufList writes_
io.flutter.plugins.packageinfo.R$styleable: int SplitPlaceholderRule_splitLayoutDirection
com.google.android.gms.internal.firebase-auth-api.zzkd: com.google.android.gms.internal.firebase-auth-api.zzkd zzb
io.flutter.plugins.urllauncher.R$id: int notification_main_column_container
io.flutter.plugins.localauth.R$styleable: int AppCompatTextView_fontVariationSettings
kotlinx.coroutines.android.AndroidExceptionPreHandler: java.lang.Object _preHandler
io.flutter.plugins.firebase.firestore.R$drawable: int common_google_signin_btn_text_light_normal_background
com.google.android.gms.internal.ads.zzggt: com.google.android.gms.internal.ads.zzgjg zzf
io.flutter.plugins.localauth.R$style: int Base_ThemeOverlay_AppCompat_Dark
io.flutter.plugins.localauth.R$dimen: int abc_dropdownitem_icon_width
io.flutter.embedding.android.FlutterActivityLaunchConfigs: java.lang.String DART_ENTRYPOINT_URI_META_DATA_KEY
io.flutter.plugins.urllauncher.R$styleable: int GradientColorItem_android_color
com.google.android.gms.measurement.AppMeasurement$ConditionalUserProperty: long mCreationTimestamp
com.google.firestore.v1.DocumentDelete: int removedTargetIdsMemoizedSerializedSize
io.flutter.view.AccessibilityBridge$Flag: io.flutter.view.AccessibilityBridge$Flag IS_KEYBOARD_KEY
io.flutter.embedding.engine.systemchannels.AccessibilityChannel: io.flutter.embedding.engine.FlutterJNI flutterJNI
io.flutter.plugins.pathprovider.R$styleable: int FontFamily_fontProviderFetchTimeout
com.dexterous.flutterlocalnotifications.models.NotificationDetails: java.lang.String SCHEDULED_NOTIFICATION_REPEAT_FREQUENCY
io.flutter.plugins.localauth.R$styleable: int MenuItem_android_title
com.google.android.gms.internal.firebase-auth-api.zzit: com.google.android.gms.internal.firebase-auth-api.zzit zzb
com.google.common.util.concurrent.AbstractFuture$Waiter: com.google.common.util.concurrent.AbstractFuture$Waiter next