build/app/outputs/mapping/release/usage.txt
com.jss.habittracker.BuildConfig
com.jss.habittracker.R$anim
com.jss.habittracker.R$animator
com.jss.habittracker.R$array
com.jss.habittracker.R$attr
com.jss.habittracker.R$bool
com.jss.habittracker.R$color
com.jss.habittracker.R$dimen
com.jss.habittracker.R$drawable
com.jss.habittracker.R$id
com.jss.habittracker.R$integer
com.jss.habittracker.R$interpolator
com.jss.habittracker.R$layout
com.jss.habittracker.R$menu
com.jss.habittracker.R$mipmap
com.jss.habittracker.R$raw
com.jss.habittracker.R$string
com.jss.habittracker.R$style
com.jss.habittracker.R$styleable
com.jss.habittracker.R$xml
com.jss.habittracker.R
...
kotlinx.coroutines.debug.internal.DebugProbesImpl$dumpCoroutinesInfoImpl$1$3
kotlinx.coroutines.debug.internal.DebugProbesImpl$dumpCoroutinesInfoImpl$lambda-12$$inlined$sortedBy$1
kotlinx.coroutines.debug.internal.DebugProbesImpl$dumpCoroutinesSynchronized$1$2
kotlinx.coroutines.debug.internal.DebugProbesImpl$dumpCoroutinesSynchronized$lambda-19$$inlined$sortedBy$1
kotlinx.coroutines.debug.internal.DebugProbesImpl$dumpDebuggerInfo$$inlined$dumpCoroutinesInfoImpl$1
kotlinx.coroutines.debug.internal.DebugProbesImpl$startWeakRefCleanerThread$1
kotlinx.coroutines.debug.internal.DebugProbesImpl
kotlinx.coroutines.debug.internal.DebugProbesKt
kotlinx.coroutines.debug.internal.DebuggerInfo
kotlinx.coroutines.debug.internal.HashedWeakRef
kotlinx.coroutines.debug.internal.Marked
kotlinx.coroutines.debug.internal.StackTraceFrame
kotlinx.coroutines.flow.CallbackFlowBuilder$collectTo$1
kotlinx.coroutines.flow.CallbackFlowBuilder
kotlinx.coroutines.flow.CancellableFlow
kotlinx.coroutines.flow.CancellableFlowImpl$collect$2$emit$1
kotlinx.coroutines.flow.CancellableFlowImpl$collect$2
kotlinx.coroutines.flow.CancellableFlowImpl
kotlinx.coroutines.flow.ChannelAsFlow
kotlinx.coroutines.flow.ChannelFlowBuilder
kotlinx.coroutines.flow.DistinctFlowImpl$collect$2$emit$1
kotlinx.coroutines.flow.DistinctFlowImpl$collect$2
kotlinx.coroutines.flow.DistinctFlowImpl
kotlinx.coroutines.flow.EmptyFlow
kotlinx.coroutines.flow.FlowKt:
    public static final java.lang.String DEFAULT_CONCURRENCY_PROPERTY_NAME
    public static final kotlinx.coroutines.flow.Flow asFlow(java.lang.Iterable)
    public static final kotlinx.coroutines.flow.Flow asFlow(java.util.Iterator)
    public static final kotlinx.coroutines.flow.Flow asFlow(kotlin.jvm.functions.Function0)
    public static final kotlinx.coroutines.flow.Flow asFlow(kotlin.jvm.functions.Function1)
    public static final kotlinx.coroutines.flow.Flow asFlow(kotlin.ranges.IntRange)
    public static final kotlinx.coroutines.flow.Flow asFlow(kotlin.ranges.LongRange)
    public static final kotlinx.coroutines.flow.Flow asFlow(kotlin.sequences.Sequence)
    public static final kotlinx.coroutines.flow.Flow asFlow(kotlinx.coroutines.channels.BroadcastChannel)
    public static final kotlinx.coroutines.flow.Flow asFlow(int[])
    public static final kotlinx.coroutines.flow.Flow asFlow(long[])
    public static final kotlinx.coroutines.flow.Flow asFlow(java.lang.Object[])
    public static final kotlinx.coroutines.flow.SharedFlow asSharedFlow(kotlinx.coroutines.flow.MutableSharedFlow)
    public static final kotlinx.coroutines.flow.StateFlow asStateFlow(kotlinx.coroutines.flow.MutableStateFlow)
    public static final synthetic kotlinx.coroutines.flow.Flow buffer(kotlinx.coroutines.flow.Flow,int)
    public static final kotlinx.coroutines.flow.Flow buffer(kotlinx.coroutines.flow.Flow,int,kotlinx.coroutines.channels.BufferOverflow)
kotlinx.coroutines.flow.FlowKt__BuildersKt$asFlow$$inlined$unsafeFlow$10$1
kotlinx.coroutines.flow.FlowKt__BuildersKt$asFlow$$inlined$unsafeFlow$10
kotlinx.coroutines.flow.FlowKt__BuildersKt$asFlow$$inlined$unsafeFlow$1
kotlinx.coroutines.flow.FlowKt__BuildersKt$asFlow$$inlined$unsafeFlow$2$1
kotlinx.coroutines.flow.FlowKt__BuildersKt$asFlow$$inlined$unsafeFlow$2
kotlinx.coroutines.flow.FlowKt__BuildersKt$asFlow$$inlined$unsafeFlow$3$1
kotlinx.coroutines.flow.FlowKt__BuildersKt$asFlow$$inlined$unsafeFlow$3
kotlinx.coroutines.flow.FlowKt__BuildersKt$asFlow$$inlined$unsafeFlow$4$1
kotlinx.coroutines.flow.FlowKt__BuildersKt$asFlow$$inlined$unsafeFlow$4
kotlinx.coroutines.flow.FlowKt__BuildersKt$asFlow$$inlined$unsafeFlow$5$1
kotlinx.coroutines.flow.FlowKt__BuildersKt$asFlow$$inlined$unsafeFlow$5
kotlinx.coroutines.flow.FlowKt__BuildersKt$asFlow$$inlined$unsafeFlow$6$1
kotlinx.coroutines.flow.FlowKt__BuildersKt$asFlow$$inlined$unsafeFlow$6
kotlinx.coroutines.flow.FlowKt__BuildersKt$asFlow$$inlined$unsafeFlow$7$1
kotlinx.coroutines.flow.FlowKt__BuildersKt$asFlow$$inlined$unsafeFlow$7